{"/Users/namgungssi/Desktop/401/lab-14-relationship-modeling/lib/_server.js": {"path":"/Users/namgungssi/Desktop/401/lab-14-relationship-modeling/lib/_server.js","statementMap":{"0":{"start":{"line":5,"column":15},"end":{"line":5,"column":32}},"1":{"start":{"line":6,"column":13},"end":{"line":6,"column":28}},"2":{"start":{"line":7,"column":17},"end":{"line":7,"column":36}},"3":{"start":{"line":8,"column":0},"end":{"line":8,"column":39}},"4":{"start":{"line":10,"column":16},"end":{"line":10,"column":34}},"5":{"start":{"line":11,"column":0},"end":{"line":11,"column":27}},"6":{"start":{"line":13,"column":12},"end":{"line":13,"column":21}},"7":{"start":{"line":15,"column":0},"end":{"line":15,"column":16}},"8":{"start":{"line":16,"column":0},"end":{"line":16,"column":23}},"9":{"start":{"line":21,"column":0},"end":{"line":21,"column":58}},"10":{"start":{"line":22,"column":0},"end":{"line":22,"column":53}},"11":{"start":{"line":23,"column":0},"end":{"line":23,"column":48}},"12":{"start":{"line":23,"column":27},"end":{"line":23,"column":46}},"13":{"start":{"line":24,"column":0},"end":{"line":24,"column":31}},"14":{"start":{"line":29,"column":13},"end":{"line":29,"column":17}},"15":{"start":{"line":30,"column":0},"end":{"line":60,"column":2}},"16":{"start":{"line":32,"column":4},"end":{"line":44,"column":9}},"17":{"start":{"line":33,"column":6},"end":{"line":35,"column":7}},"18":{"start":{"line":34,"column":8},"end":{"line":34,"column":62}},"19":{"start":{"line":37,"column":6},"end":{"line":40,"column":9}},"20":{"start":{"line":38,"column":8},"end":{"line":38,"column":65}},"21":{"start":{"line":39,"column":8},"end":{"line":39,"column":18}},"22":{"start":{"line":43,"column":8},"end":{"line":43,"column":74}},"23":{"start":{"line":48,"column":4},"end":{"line":58,"column":41}},"24":{"start":{"line":49,"column":6},"end":{"line":51,"column":7}},"25":{"start":{"line":50,"column":8},"end":{"line":50,"column":50}},"26":{"start":{"line":52,"column":6},"end":{"line":56,"column":9}},"27":{"start":{"line":53,"column":8},"end":{"line":53,"column":22}},"28":{"start":{"line":54,"column":8},"end":{"line":54,"column":34}},"29":{"start":{"line":55,"column":8},"end":{"line":55,"column":18}},"30":{"start":{"line":58,"column":18},"end":{"line":58,"column":39}}},"fnMap":{"0":{"name":"(anonymous_0)","decl":{"start":{"line":23,"column":13},"end":{"line":23,"column":14}},"loc":{"start":{"line":23,"column":27},"end":{"line":23,"column":46}},"line":23},"1":{"name":"(anonymous_1)","decl":{"start":{"line":31,"column":9},"end":{"line":31,"column":10}},"loc":{"start":{"line":31,"column":15},"end":{"line":45,"column":3}},"line":31},"2":{"name":"(anonymous_2)","decl":{"start":{"line":32,"column":23},"end":{"line":32,"column":24}},"loc":{"start":{"line":32,"column":44},"end":{"line":41,"column":5}},"line":32},"3":{"name":"(anonymous_3)","decl":{"start":{"line":37,"column":52},"end":{"line":37,"column":53}},"loc":{"start":{"line":37,"column":58},"end":{"line":40,"column":7}},"line":37},"4":{"name":"(anonymous_4)","decl":{"start":{"line":42,"column":12},"end":{"line":42,"column":13}},"loc":{"start":{"line":42,"column":18},"end":{"line":44,"column":7}},"line":42},"5":{"name":"(anonymous_5)","decl":{"start":{"line":47,"column":8},"end":{"line":47,"column":9}},"loc":{"start":{"line":47,"column":14},"end":{"line":59,"column":3}},"line":47},"6":{"name":"(anonymous_6)","decl":{"start":{"line":48,"column":23},"end":{"line":48,"column":24}},"loc":{"start":{"line":48,"column":44},"end":{"line":57,"column":5}},"line":48},"7":{"name":"(anonymous_7)","decl":{"start":{"line":52,"column":19},"end":{"line":52,"column":20}},"loc":{"start":{"line":52,"column":25},"end":{"line":56,"column":7}},"line":52},"8":{"name":"(anonymous_8)","decl":{"start":{"line":58,"column":12},"end":{"line":58,"column":13}},"loc":{"start":{"line":58,"column":18},"end":{"line":58,"column":39}},"line":58}},"branchMap":{"0":{"loc":{"start":{"line":33,"column":6},"end":{"line":35,"column":7}},"type":"if","locations":[{"start":{"line":33,"column":6},"end":{"line":35,"column":7}},{"start":{"line":33,"column":6},"end":{"line":35,"column":7}}],"line":33},"1":{"loc":{"start":{"line":37,"column":26},"end":{"line":37,"column":50}},"type":"binary-expr","locations":[{"start":{"line":37,"column":26},"end":{"line":37,"column":42}},{"start":{"line":37,"column":46},"end":{"line":37,"column":50}}],"line":37},"2":{"loc":{"start":{"line":49,"column":6},"end":{"line":51,"column":7}},"type":"if","locations":[{"start":{"line":49,"column":6},"end":{"line":51,"column":7}},{"start":{"line":49,"column":6},"end":{"line":51,"column":7}}],"line":49}},"s":{"0":1,"1":1,"2":1,"3":1,"4":1,"5":1,"6":1,"7":1,"8":1,"9":1,"10":1,"11":1,"12":0,"13":1,"14":1,"15":1,"16":1,"17":1,"18":0,"19":1,"20":1,"21":1,"22":1,"23":1,"24":1,"25":0,"26":1,"27":1,"28":1,"29":1,"30":1},"f":{"0":0,"1":1,"2":1,"3":1,"4":1,"5":1,"6":1,"7":1,"8":1},"b":{"0":[0,1],"1":[1,0],"2":[0,1]},"_coverageSchema":"332fd63041d2c1bcb487cc26dd0d5f7d97098a6c","hash":"9cc99cc15af6663aa6fd4a09f186e529d79cde4e"}
,"/Users/namgungssi/Desktop/401/lab-14-relationship-modeling/lib/error.js": {"path":"/Users/namgungssi/Desktop/401/lab-14-relationship-modeling/lib/error.js","statementMap":{"0":{"start":{"line":5,"column":0},"end":{"line":11,"column":2}},"1":{"start":{"line":6,"column":2},"end":{"line":6,"column":28}},"2":{"start":{"line":9,"column":2},"end":{"line":9,"column":52}},"3":{"start":{"line":9,"column":21},"end":{"line":9,"column":52}},"4":{"start":{"line":10,"column":2},"end":{"line":10,"column":22}}},"fnMap":{"0":{"name":"(anonymous_0)","decl":{"start":{"line":5,"column":17},"end":{"line":5,"column":18}},"loc":{"start":{"line":5,"column":42},"end":{"line":11,"column":1}},"line":5}},"branchMap":{"0":{"loc":{"start":{"line":9,"column":2},"end":{"line":9,"column":52}},"type":"if","locations":[{"start":{"line":9,"column":2},"end":{"line":9,"column":52}},{"start":{"line":9,"column":2},"end":{"line":9,"column":52}}],"line":9}},"s":{"0":1,"1":0,"2":0,"3":0,"4":0},"f":{"0":0},"b":{"0":[0,0]},"_coverageSchema":"332fd63041d2c1bcb487cc26dd0d5f7d97098a6c","hash":"0f39332e5873bfd12c15bd2c61f62c0c655985b6"}
,"/Users/namgungssi/Desktop/401/lab-14-relationship-modeling/models/book.js": {"path":"/Users/namgungssi/Desktop/401/lab-14-relationship-modeling/models/book.js","statementMap":{"0":{"start":{"line":5,"column":17},"end":{"line":5,"column":36}},"1":{"start":{"line":6,"column":22},"end":{"line":6,"column":47}},"2":{"start":{"line":7,"column":19},"end":{"line":11,"column":2}},"3":{"start":{"line":15,"column":0},"end":{"line":18,"column":3}},"4":{"start":{"line":16,"column":2},"end":{"line":16,"column":30}},"5":{"start":{"line":17,"column":2},"end":{"line":17,"column":9}},"6":{"start":{"line":22,"column":0},"end":{"line":22,"column":53}}},"fnMap":{"0":{"name":"(anonymous_0)","decl":{"start":{"line":15,"column":26},"end":{"line":15,"column":27}},"loc":{"start":{"line":15,"column":40},"end":{"line":18,"column":1}},"line":15}},"branchMap":{},"s":{"0":1,"1":1,"2":1,"3":1,"4":0,"5":0,"6":1},"f":{"0":0},"b":{},"_coverageSchema":"332fd63041d2c1bcb487cc26dd0d5f7d97098a6c","hash":"de79953bacc0625c55ece8119cc4e5c7f2372fbd"}
,"/Users/namgungssi/Desktop/401/lab-14-relationship-modeling/models/character.js": {"path":"/Users/namgungssi/Desktop/401/lab-14-relationship-modeling/models/character.js","statementMap":{"0":{"start":{"line":5,"column":17},"end":{"line":5,"column":36}},"1":{"start":{"line":6,"column":13},"end":{"line":6,"column":33}},"2":{"start":{"line":7,"column":24},"end":{"line":10,"column":2}},"3":{"start":{"line":14,"column":0},"end":{"line":23,"column":3}},"4":{"start":{"line":15,"column":2},"end":{"line":22,"column":30}},"5":{"start":{"line":17,"column":6},"end":{"line":18,"column":32}},"6":{"start":{"line":18,"column":8},"end":{"line":18,"column":32}},"7":{"start":{"line":19,"column":6},"end":{"line":19,"column":27}},"8":{"start":{"line":20,"column":6},"end":{"line":20,"column":31}},"9":{"start":{"line":27,"column":0},"end":{"line":27,"column":63}}},"fnMap":{"0":{"name":"(anonymous_0)","decl":{"start":{"line":14,"column":28},"end":{"line":14,"column":29}},"loc":{"start":{"line":14,"column":42},"end":{"line":23,"column":1}},"line":14},"1":{"name":"(anonymous_1)","decl":{"start":{"line":16,"column":10},"end":{"line":16,"column":11}},"loc":{"start":{"line":16,"column":18},"end":{"line":21,"column":5}},"line":16}},"branchMap":{"0":{"loc":{"start":{"line":17,"column":6},"end":{"line":18,"column":32}},"type":"if","locations":[{"start":{"line":17,"column":6},"end":{"line":18,"column":32}},{"start":{"line":17,"column":6},"end":{"line":18,"column":32}}],"line":17}},"s":{"0":1,"1":1,"2":1,"3":1,"4":0,"5":0,"6":0,"7":0,"8":0,"9":1},"f":{"0":0,"1":0},"b":{"0":[0,0]},"_coverageSchema":"332fd63041d2c1bcb487cc26dd0d5f7d97098a6c","hash":"5a6651ed845d7d56db2fb660c488ccee7c9e8816"}
,"/Users/namgungssi/Desktop/401/lab-14-relationship-modeling/routes/book-router.js": {"path":"/Users/namgungssi/Desktop/401/lab-14-relationship-modeling/routes/book-router.js","statementMap":{"0":{"start":{"line":5,"column":13},"end":{"line":5,"column":41}},"1":{"start":{"line":6,"column":16},"end":{"line":6,"column":34}},"2":{"start":{"line":7,"column":19},"end":{"line":7,"column":48}},"3":{"start":{"line":8,"column":19},"end":{"line":8,"column":52}},"4":{"start":{"line":13,"column":0},"end":{"line":20,"column":3}},"5":{"start":{"line":14,"column":2},"end":{"line":15,"column":49}},"6":{"start":{"line":15,"column":4},"end":{"line":15,"column":49}},"7":{"start":{"line":16,"column":16},"end":{"line":16,"column":34}},"8":{"start":{"line":17,"column":2},"end":{"line":19,"column":17}},"9":{"start":{"line":25,"column":0},"end":{"line":32,"column":3}},"10":{"start":{"line":26,"column":2},"end":{"line":31,"column":17}},"11":{"start":{"line":28,"column":6},"end":{"line":28,"column":64}},"12":{"start":{"line":28,"column":24},"end":{"line":28,"column":64}},"13":{"start":{"line":29,"column":6},"end":{"line":29,"column":33}},"14":{"start":{"line":37,"column":0},"end":{"line":41,"column":3}},"15":{"start":{"line":38,"column":2},"end":{"line":40,"column":15}},"16":{"start":{"line":46,"column":0},"end":{"line":50,"column":3}},"17":{"start":{"line":47,"column":2},"end":{"line":49,"column":15}}},"fnMap":{"0":{"name":"(anonymous_0)","decl":{"start":{"line":13,"column":38},"end":{"line":13,"column":39}},"loc":{"start":{"line":13,"column":58},"end":{"line":20,"column":1}},"line":13},"1":{"name":"(anonymous_1)","decl":{"start":{"line":25,"column":29},"end":{"line":25,"column":30}},"loc":{"start":{"line":25,"column":49},"end":{"line":32,"column":1}},"line":25},"2":{"name":"(anonymous_2)","decl":{"start":{"line":27,"column":10},"end":{"line":27,"column":11}},"loc":{"start":{"line":27,"column":18},"end":{"line":30,"column":5}},"line":27},"3":{"name":"(anonymous_3)","decl":{"start":{"line":37,"column":25},"end":{"line":37,"column":26}},"loc":{"start":{"line":37,"column":45},"end":{"line":41,"column":1}},"line":37},"4":{"name":"(anonymous_4)","decl":{"start":{"line":46,"column":32},"end":{"line":46,"column":33}},"loc":{"start":{"line":46,"column":52},"end":{"line":50,"column":1}},"line":46}},"branchMap":{"0":{"loc":{"start":{"line":14,"column":2},"end":{"line":15,"column":49}},"type":"if","locations":[{"start":{"line":14,"column":2},"end":{"line":15,"column":49}},{"start":{"line":14,"column":2},"end":{"line":15,"column":49}}],"line":14},"1":{"loc":{"start":{"line":28,"column":6},"end":{"line":28,"column":64}},"type":"if","locations":[{"start":{"line":28,"column":6},"end":{"line":28,"column":64}},{"start":{"line":28,"column":6},"end":{"line":28,"column":64}}],"line":28}},"s":{"0":1,"1":1,"2":1,"3":1,"4":1,"5":0,"6":0,"7":0,"8":0,"9":1,"10":0,"11":0,"12":0,"13":0,"14":1,"15":0,"16":1,"17":0},"f":{"0":0,"1":0,"2":0,"3":0,"4":0},"b":{"0":[0,0],"1":[0,0]},"_coverageSchema":"332fd63041d2c1bcb487cc26dd0d5f7d97098a6c","hash":"0823c4ff607578988c2b4b78afcd1cc94335c374"}
,"/Users/namgungssi/Desktop/401/lab-14-relationship-modeling/routes/character-router.js": {"path":"/Users/namgungssi/Desktop/401/lab-14-relationship-modeling/routes/character-router.js","statementMap":{"0":{"start":{"line":5,"column":16},"end":{"line":5,"column":34}},"1":{"start":{"line":6,"column":19},"end":{"line":6,"column":48}},"2":{"start":{"line":7,"column":22},"end":{"line":7,"column":55}},"3":{"start":{"line":8,"column":24},"end":{"line":8,"column":57}},"4":{"start":{"line":13,"column":0},"end":{"line":21,"column":3}},"5":{"start":{"line":14,"column":2},"end":{"line":15,"column":48}},"6":{"start":{"line":15,"column":4},"end":{"line":15,"column":48}},"7":{"start":{"line":17,"column":21},"end":{"line":17,"column":48}},"8":{"start":{"line":18,"column":2},"end":{"line":20,"column":17}},"9":{"start":{"line":26,"column":0},"end":{"line":33,"column":3}},"10":{"start":{"line":27,"column":2},"end":{"line":32,"column":17}},"11":{"start":{"line":29,"column":6},"end":{"line":29,"column":64}},"12":{"start":{"line":29,"column":29},"end":{"line":29,"column":64}},"13":{"start":{"line":30,"column":6},"end":{"line":30,"column":38}},"14":{"start":{"line":38,"column":0},"end":{"line":42,"column":3}},"15":{"start":{"line":39,"column":2},"end":{"line":41,"column":17}},"16":{"start":{"line":47,"column":0},"end":{"line":51,"column":3}},"17":{"start":{"line":48,"column":2},"end":{"line":50,"column":17}}},"fnMap":{"0":{"name":"(anonymous_0)","decl":{"start":{"line":13,"column":48},"end":{"line":13,"column":49}},"loc":{"start":{"line":13,"column":68},"end":{"line":21,"column":1}},"line":13},"1":{"name":"(anonymous_1)","decl":{"start":{"line":26,"column":39},"end":{"line":26,"column":40}},"loc":{"start":{"line":26,"column":59},"end":{"line":33,"column":1}},"line":26},"2":{"name":"(anonymous_2)","decl":{"start":{"line":28,"column":10},"end":{"line":28,"column":11}},"loc":{"start":{"line":28,"column":23},"end":{"line":31,"column":5}},"line":28},"3":{"name":"(anonymous_3)","decl":{"start":{"line":38,"column":35},"end":{"line":38,"column":36}},"loc":{"start":{"line":38,"column":55},"end":{"line":42,"column":1}},"line":38},"4":{"name":"(anonymous_4)","decl":{"start":{"line":47,"column":42},"end":{"line":47,"column":43}},"loc":{"start":{"line":47,"column":62},"end":{"line":51,"column":1}},"line":47}},"branchMap":{"0":{"loc":{"start":{"line":14,"column":2},"end":{"line":15,"column":48}},"type":"if","locations":[{"start":{"line":14,"column":2},"end":{"line":15,"column":48}},{"start":{"line":14,"column":2},"end":{"line":15,"column":48}}],"line":14},"1":{"loc":{"start":{"line":29,"column":6},"end":{"line":29,"column":64}},"type":"if","locations":[{"start":{"line":29,"column":6},"end":{"line":29,"column":64}},{"start":{"line":29,"column":6},"end":{"line":29,"column":64}}],"line":29}},"s":{"0":1,"1":1,"2":1,"3":1,"4":1,"5":0,"6":0,"7":0,"8":0,"9":1,"10":0,"11":0,"12":0,"13":0,"14":1,"15":0,"16":1,"17":0},"f":{"0":0,"1":0,"2":0,"3":0,"4":0},"b":{"0":[0,0],"1":[0,0]},"_coverageSchema":"332fd63041d2c1bcb487cc26dd0d5f7d97098a6c","hash":"b67ee86676ea081b9d5fd97be23ced24194e67cd"}
}
